
2019/12/05 14:33:52 you want to apply blur. value: 29
2019/12/05 14:33:52 you want to apply dilate. value: 10
2019/12/05 14:33:52 you want to apply grayscale
2019/12/05 14:33:52 => applying dilate filter, 	value: 10 on IMG_4315.jpg from Directory imageIn 	(/Users/Gwenael/Desktop/packager/packager/packager/src/main/java/imageIn). 			save in directory imageOut 		(/Users/Gwenael/Desktop/packager/packager/packager/src/main/java/imageOut).
2019/12/05 14:33:52 => applying Blur filter, 	value: 29 on IMG_4315.jpg from Directory imageIn 	(/Users/Gwenael/Desktop/packager/packager/packager/src/main/java/imageIn). 			save in directory imageOut 		(/Users/Gwenael/Desktop/packager/packager/packager/src/main/java/imageOut).
2019/12/05 14:33:52 => applying black n'white filter on IMG_4315.jpg from Directory imageIn 	(/Users/Gwenael/Desktop/packager/packager/packager/src/main/java/imageIn). 			save in directory imageOut 		(/Users/Gwenael/Desktop/packager/packager/packager/src/main/java/imageOut).
2019/12/05 14:33:52 => applying dilate filter, 	value: 10 on granny_wtf.jpg from Directory imageIn 	(/Users/Gwenael/Desktop/packager/packager/packager/src/main/java/imageIn). 			save in directory imageOut 		(/Users/Gwenael/Desktop/packager/packager/packager/src/main/java/imageOut).
2019/12/05 14:33:52 => applying Blur filter, 	value: 29 on granny_wtf.jpg from Directory imageIn 	(/Users/Gwenael/Desktop/packager/packager/packager/src/main/java/imageIn). 			save in directory imageOut 		(/Users/Gwenael/Desktop/packager/packager/packager/src/main/java/imageOut).
2019/12/05 14:33:52 => applying black n'white filter on granny_wtf.jpg from Directory imageIn 	(/Users/Gwenael/Desktop/packager/packager/packager/src/main/java/imageIn). 			save in directory imageOut 		(/Users/Gwenael/Desktop/packager/packager/packager/src/main/java/imageOut).
2019/12/05 14:33:52 => applying dilate filter, 	value: 10 on marioArretDroite.png from Directory imageIn 	(/Users/Gwenael/Desktop/packager/packager/packager/src/main/java/imageIn). 			save in directory imageOut 		(/Users/Gwenael/Desktop/packager/packager/packager/src/main/java/imageOut).
2019/12/05 14:33:52 => applying Blur filter, 	value: 29 on marioArretDroite.png from Directory imageIn 	(/Users/Gwenael/Desktop/packager/packager/packager/src/main/java/imageIn). 			save in directory imageOut 		(/Users/Gwenael/Desktop/packager/packager/packager/src/main/java/imageOut).
2019/12/05 14:33:52 => applying black n'white filter on marioArretDroite.png from Directory imageIn 	(/Users/Gwenael/Desktop/packager/packager/packager/src/main/java/imageIn). 			save in directory imageOut 		(/Users/Gwenael/Desktop/packager/packager/packager/src/main/java/imageOut).
2019/12/05 14:33:52 => applying dilate filter, 	value: 10 on fondEcran.png from Directory imageIn 	(/Users/Gwenael/Desktop/packager/packager/packager/src/main/java/imageIn). 			save in directory imageOut 		(/Users/Gwenael/Desktop/packager/packager/packager/src/main/java/imageOut).
2019/12/05 14:33:52 => applying Blur filter, 	value: 29 on fondEcran.png from Directory imageIn 	(/Users/Gwenael/Desktop/packager/packager/packager/src/main/java/imageIn). 			save in directory imageOut 		(/Users/Gwenael/Desktop/packager/packager/packager/src/main/java/imageOut).
2019/12/05 14:33:52 => applying black n'white filter on fondEcran.png from Directory imageIn 	(/Users/Gwenael/Desktop/packager/packager/packager/src/main/java/imageIn). 			save in directory imageOut 		(/Users/Gwenael/Desktop/packager/packager/packager/src/main/java/imageOut).
2019/12/05 14:33:52 => applying dilate filter, 	value: 10 on plage.jpg from Directory imageIn 	(/Users/Gwenael/Desktop/packager/packager/packager/src/main/java/imageIn). 			save in directory imageOut 		(/Users/Gwenael/Desktop/packager/packager/packager/src/main/java/imageOut).
2019/12/05 14:33:52 => applying Blur filter, 	value: 29 on plage.jpg from Directory imageIn 	(/Users/Gwenael/Desktop/packager/packager/packager/src/main/java/imageIn). 			save in directory imageOut 		(/Users/Gwenael/Desktop/packager/packager/packager/src/main/java/imageOut).
2019/12/05 14:33:52 => applying black n'white filter on plage.jpg from Directory imageIn 	(/Users/Gwenael/Desktop/packager/packager/packager/src/main/java/imageIn). 			save in directory imageOut 		(/Users/Gwenael/Desktop/packager/packager/packager/src/main/java/imageOut).
2019/12/05 14:34:47 you want to apply blur. value: 29
2019/12/05 14:34:47 you want to apply dilate. value: 10
2019/12/05 14:34:47 you want to apply grayscale
2019/12/05 14:34:47 => applying dilate filter, 	value: 10 on IMG_4315.jpg from Directory imageIn 	(/Users/Gwenael/Desktop/packager/packager/packager/src/main/java/imageIn). 			save in directory imageOut 	(/Users/Gwenael/Desktop/packager/packager/packager/src/main/java/imageOut).
2019/12/05 14:34:47 => applying Blur filter, 	value: 29 on IMG_4315.jpg from Directory imageIn 	(/Users/Gwenael/Desktop/packager/packager/packager/src/main/java/imageIn). 			save in directory imageOut 	(/Users/Gwenael/Desktop/packager/packager/packager/src/main/java/imageOut).
2019/12/05 14:34:47 => applying black n'white filter on IMG_4315.jpg from Directory imageIn 	(/Users/Gwenael/Desktop/packager/packager/packager/src/main/java/imageIn). 			save in directory imageOut 	(/Users/Gwenael/Desktop/packager/packager/packager/src/main/java/imageOut).
2019/12/05 14:34:47 => applying dilate filter, 	value: 10 on granny_wtf.jpg from Directory imageIn 	(/Users/Gwenael/Desktop/packager/packager/packager/src/main/java/imageIn). 			save in directory imageOut 	(/Users/Gwenael/Desktop/packager/packager/packager/src/main/java/imageOut).
2019/12/05 14:34:47 => applying Blur filter, 	value: 29 on granny_wtf.jpg from Directory imageIn 	(/Users/Gwenael/Desktop/packager/packager/packager/src/main/java/imageIn). 			save in directory imageOut 	(/Users/Gwenael/Desktop/packager/packager/packager/src/main/java/imageOut).
2019/12/05 14:34:47 => applying black n'white filter on granny_wtf.jpg from Directory imageIn 	(/Users/Gwenael/Desktop/packager/packager/packager/src/main/java/imageIn). 			save in directory imageOut 	(/Users/Gwenael/Desktop/packager/packager/packager/src/main/java/imageOut).
2019/12/05 14:34:47 => applying dilate filter, 	value: 10 on marioArretDroite.png from Directory imageIn 	(/Users/Gwenael/Desktop/packager/packager/packager/src/main/java/imageIn). 			save in directory imageOut 	(/Users/Gwenael/Desktop/packager/packager/packager/src/main/java/imageOut).
2019/12/05 14:34:47 => applying Blur filter, 	value: 29 on marioArretDroite.png from Directory imageIn 	(/Users/Gwenael/Desktop/packager/packager/packager/src/main/java/imageIn). 			save in directory imageOut 	(/Users/Gwenael/Desktop/packager/packager/packager/src/main/java/imageOut).
2019/12/05 14:34:47 => applying black n'white filter on marioArretDroite.png from Directory imageIn 	(/Users/Gwenael/Desktop/packager/packager/packager/src/main/java/imageIn). 			save in directory imageOut 	(/Users/Gwenael/Desktop/packager/packager/packager/src/main/java/imageOut).
2019/12/05 14:34:47 => applying dilate filter, 	value: 10 on fondEcran.png from Directory imageIn 	(/Users/Gwenael/Desktop/packager/packager/packager/src/main/java/imageIn). 			save in directory imageOut 	(/Users/Gwenael/Desktop/packager/packager/packager/src/main/java/imageOut).
2019/12/05 14:34:47 => applying Blur filter, 	value: 29 on fondEcran.png from Directory imageIn 	(/Users/Gwenael/Desktop/packager/packager/packager/src/main/java/imageIn). 			save in directory imageOut 	(/Users/Gwenael/Desktop/packager/packager/packager/src/main/java/imageOut).
2019/12/05 14:34:47 => applying black n'white filter on fondEcran.png from Directory imageIn 	(/Users/Gwenael/Desktop/packager/packager/packager/src/main/java/imageIn). 			save in directory imageOut 	(/Users/Gwenael/Desktop/packager/packager/packager/src/main/java/imageOut).
2019/12/05 14:34:47 => applying dilate filter, 	value: 10 on plage.jpg from Directory imageIn 	(/Users/Gwenael/Desktop/packager/packager/packager/src/main/java/imageIn). 			save in directory imageOut 	(/Users/Gwenael/Desktop/packager/packager/packager/src/main/java/imageOut).
2019/12/05 14:34:47 => applying Blur filter, 	value: 29 on plage.jpg from Directory imageIn 	(/Users/Gwenael/Desktop/packager/packager/packager/src/main/java/imageIn). 			save in directory imageOut 	(/Users/Gwenael/Desktop/packager/packager/packager/src/main/java/imageOut).
2019/12/05 14:34:47 => applying black n'white filter on plage.jpg from Directory imageIn 	(/Users/Gwenael/Desktop/packager/packager/packager/src/main/java/imageIn). 			save in directory imageOut 	(/Users/Gwenael/Desktop/packager/packager/packager/src/main/java/imageOut).
2019/12/05 14:38:36 you want to apply blur. value: 29
2019/12/05 14:38:36 you want to apply dilate. value: 10
2019/12/05 14:38:36 you want to apply grayscale
2019/12/05 14:38:36 => applying dilate filter, 	value: 10 on IMG_4315.jpg from Directory imageIn 	(/Users/Gwenael/Desktop/packager/packager/packager/src/main/java/imageIn). 			save in directory imageOut 	(/Users/Gwenael/Desktop/packager/packager/packager/src/main/java/imageOut).
2019/12/05 14:38:36 => applying Blur filter, 	value: 29 on IMG_4315.jpg from Directory imageIn 	(/Users/Gwenael/Desktop/packager/packager/packager/src/main/java/imageIn). 			save in directory imageOut 	(/Users/Gwenael/Desktop/packager/packager/packager/src/main/java/imageOut).
2019/12/05 14:38:36 => applying black n'white filter on IMG_4315.jpg from Directory imageIn 	(/Users/Gwenael/Desktop/packager/packager/packager/src/main/java/imageIn). 			save in directory imageOut 	(/Users/Gwenael/Desktop/packager/packager/packager/src/main/java/imageOut).
2019/12/05 14:38:36 => applying dilate filter, 	value: 10 on granny_wtf.jpg from Directory imageIn 	(/Users/Gwenael/Desktop/packager/packager/packager/src/main/java/imageIn). 			save in directory imageOut 	(/Users/Gwenael/Desktop/packager/packager/packager/src/main/java/imageOut).
2019/12/05 14:38:36 => applying Blur filter, 	value: 29 on granny_wtf.jpg from Directory imageIn 	(/Users/Gwenael/Desktop/packager/packager/packager/src/main/java/imageIn). 			save in directory imageOut 	(/Users/Gwenael/Desktop/packager/packager/packager/src/main/java/imageOut).
2019/12/05 14:38:36 => applying black n'white filter on granny_wtf.jpg from Directory imageIn 	(/Users/Gwenael/Desktop/packager/packager/packager/src/main/java/imageIn). 			save in directory imageOut 	(/Users/Gwenael/Desktop/packager/packager/packager/src/main/java/imageOut).
2019/12/05 14:38:36 => applying dilate filter, 	value: 10 on marioArretDroite.png from Directory imageIn 	(/Users/Gwenael/Desktop/packager/packager/packager/src/main/java/imageIn). 			save in directory imageOut 	(/Users/Gwenael/Desktop/packager/packager/packager/src/main/java/imageOut).
2019/12/05 14:38:36 => applying Blur filter, 	value: 29 on marioArretDroite.png from Directory imageIn 	(/Users/Gwenael/Desktop/packager/packager/packager/src/main/java/imageIn). 			save in directory imageOut 	(/Users/Gwenael/Desktop/packager/packager/packager/src/main/java/imageOut).
2019/12/05 14:38:36 => applying black n'white filter on marioArretDroite.png from Directory imageIn 	(/Users/Gwenael/Desktop/packager/packager/packager/src/main/java/imageIn). 			save in directory imageOut 	(/Users/Gwenael/Desktop/packager/packager/packager/src/main/java/imageOut).
2019/12/05 14:38:36 => applying dilate filter, 	value: 10 on fondEcran.png from Directory imageIn 	(/Users/Gwenael/Desktop/packager/packager/packager/src/main/java/imageIn). 			save in directory imageOut 	(/Users/Gwenael/Desktop/packager/packager/packager/src/main/java/imageOut).
2019/12/05 14:38:36 => applying Blur filter, 	value: 29 on fondEcran.png from Directory imageIn 	(/Users/Gwenael/Desktop/packager/packager/packager/src/main/java/imageIn). 			save in directory imageOut 	(/Users/Gwenael/Desktop/packager/packager/packager/src/main/java/imageOut).
2019/12/05 14:38:36 => applying black n'white filter on fondEcran.png from Directory imageIn 	(/Users/Gwenael/Desktop/packager/packager/packager/src/main/java/imageIn). 			save in directory imageOut 	(/Users/Gwenael/Desktop/packager/packager/packager/src/main/java/imageOut).
2019/12/05 14:38:36 => applying dilate filter, 	value: 10 on plage.jpg from Directory imageIn 	(/Users/Gwenael/Desktop/packager/packager/packager/src/main/java/imageIn). 			save in directory imageOut 	(/Users/Gwenael/Desktop/packager/packager/packager/src/main/java/imageOut).
2019/12/05 14:38:36 => applying Blur filter, 	value: 29 on plage.jpg from Directory imageIn 	(/Users/Gwenael/Desktop/packager/packager/packager/src/main/java/imageIn). 			save in directory imageOut 	(/Users/Gwenael/Desktop/packager/packager/packager/src/main/java/imageOut).
2019/12/05 14:38:36 => applying black n'white filter on plage.jpg from Directory imageIn 	(/Users/Gwenael/Desktop/packager/packager/packager/src/main/java/imageIn). 			save in directory imageOut 	(/Users/Gwenael/Desktop/packager/packager/packager/src/main/java/imageOut).